<?xml version="1.0" encoding="UTF-8"?>
<!-- Generated by org.testng.reporters.JUnitReportReporter -->
<testsuite hostname="DESKTOP-LPGNF41" failures="0" tests="1" name="selepract.LoginOp" time="6.853" errors="0" timestamp="2024-11-12T18:51:58 IST" skipped="0">
  <testcase classname="selepract.LoginOp" name="ExeLogin" time="6.853"/>
  <system-out/>
</testsuite> <!-- selepract.LoginOp -->
