<?xml version="1.0" encoding="UTF-8"?>
<!-- Generated by org.testng.reporters.JUnitReportReporter -->
<testsuite hostname="DESKTOP-LPGNF41" failures="0" tests="1" name="selepract.JsScriptExecutor" time="5.510" errors="0" timestamp="2024-11-08T22:33:32 IST" skipped="0">
  <testcase classname="selepract.JsScriptExecutor" name="sc" time="5.510"/>
  <system-out/>
</testsuite> <!-- selepract.JsScriptExecutor -->
