<?xml version="1.0" encoding="UTF-8"?>
<!-- Generated by org.testng.reporters.JUnitReportReporter -->
<testsuite hostname="DESKTOP-LPGNF41" failures="0" tests="1" name="testngpract.JsExecuter" time="18.725" errors="0" timestamp="2025-01-22T22:58:47 IST" skipped="0">
  <testcase classname="testngpract.JsExecuter" name="login" time="18.725"/>
  <system-out/>
</testsuite> <!-- testngpract.JsExecuter -->
