<?xml version="1.0" encoding="UTF-8"?>
<!-- Generated by org.testng.reporters.JUnitReportReporter -->
<testsuite hostname="DESKTOP-LPGNF41" failures="0" tests="1" name="santro.seljava.SelPar" time="0.014" errors="0" timestamp="2025-01-22T19:15:52 IST" skipped="0">
  <testcase classname="santro.seljava.SelPar" name="main" time="0.014"/>
  <system-out/>
</testsuite> <!-- santro.seljava.SelPar -->
