<?xml version="1.0" encoding="UTF-8"?>
<!-- Generated by org.testng.reporters.JUnitReportReporter -->
<testsuite hostname="DESKTOP-LPGNF41" failures="0" tests="1" name="selepract.ActionClassForMouse" time="12.067" errors="0" timestamp="2024-11-13T19:55:34 IST" skipped="0">
  <testcase classname="selepract.ActionClassForMouse" name="met" time="12.067"/>
  <system-out/>
</testsuite> <!-- selepract.ActionClassForMouse -->
