<?xml version="1.0" encoding="UTF-8"?>
<!-- Generated by org.testng.reporters.JUnitReportReporter -->
<testsuite hostname="DESKTOP-LPGNF41" failures="0" tests="2" name="testngpract.Dummy" time="16.928" errors="0" timestamp="2024-11-20T19:53:43 IST" skipped="0">
  <testcase classname="testngpract.Dummy" name="testCase1" time="12.897"/>
  <system-out/>
  <testcase classname="testngpract.Dummy" name="testCase2" time="4.031"/>
  <system-out/>
</testsuite> <!-- testngpract.Dummy -->
