<?xml version="1.0" encoding="UTF-8"?>
<!-- Generated by org.testng.reporters.JUnitReportReporter -->
<testsuite hostname="DESKTOP-LPGNF41" failures="0" tests="1" name="excelutils.ExcelExam" time="2.112" errors="0" timestamp="2024-12-13T19:31:14 IST" skipped="0">
  <testcase classname="excelutils.ExcelExam" name="name" time="2.112"/>
  <system-out/>
</testsuite> <!-- excelutils.ExcelExam -->
