<?xml version="1.0" encoding="UTF-8"?>
<!-- Generated by org.testng.reporters.JUnitReportReporter -->
<testsuite hostname="DESKTOP-LPGNF41" failures="0" tests="1" name="testngpract.C1" time="0.012" errors="0" timestamp="2024-11-22T18:40:17 IST" skipped="0">
  <testcase classname="testngpract.C1" name="m1" time="0.012"/>
  <system-out/>
</testsuite> <!-- testngpract.C1 -->
