<?xml version="1.0" encoding="UTF-8"?>
<!-- Generated by org.testng.reporters.JUnitReportReporter -->
<testsuite hostname="DESKTOP-LPGNF41" failures="0" tests="1" name="testngpract.OrangePagePract" time="10.974" errors="0" timestamp="2025-03-31T20:19:40 IST" skipped="0">
  <testcase classname="testngpract.OrangePagePract" name="login" time="10.974"/>
  <system-out/>
</testsuite> <!-- testngpract.OrangePagePract -->
