<?xml version="1.0" encoding="UTF-8"?>
<!-- Generated by org.testng.reporters.JUnitReportReporter -->
<testsuite hostname="DESKTOP-LPGNF41" failures="0" tests="1" name="testngpract.Common" time="0.003" errors="0" timestamp="2024-11-21T23:35:41 IST" skipped="0">
  <testcase classname="testngpract.Common" name="m1" time="0.003"/>
  <system-out/>
</testsuite> <!-- testngpract.Common -->
